-------------------------------------------------------------------------------
Test set: OnlyPositivesTest
-------------------------------------------------------------------------------
Tests run: 4, Failures: 4, Errors: 0, Skipped: 0, Time elapsed: 0.134 sec <<< FAILURE!
test1(OnlyPositivesTest)  Time elapsed: 0.016 sec  <<< FAILURE!
java.lang.AssertionError: Something strange happened. It may be that 'class OnlyPositives' class's public static void main(String[] args) method is missing 
or your program crashed due to an exception. More information java.util.NoSuchElementException: No line found
	at org.junit.Assert.fail(Assert.java:88)
	at OnlyPositivesTest.callMain(OnlyPositivesTest.java:88)
	at OnlyPositivesTest.test(OnlyPositivesTest.java:48)
	at OnlyPositivesTest.test1(OnlyPositivesTest.java:21)
	at sun.reflect.NativeMethodAccessorImpl.invoke0(Native Method)
	at sun.reflect.NativeMethodAccessorImpl.invoke(NativeMethodAccessorImpl.java:62)
	at sun.reflect.DelegatingMethodAccessorImpl.invoke(DelegatingMethodAccessorImpl.java:43)
	at java.lang.reflect.Method.invoke(Method.java:498)
	at org.junit.runners.model.FrameworkMethod$1.runReflectiveCall(FrameworkMethod.java:50)
	at org.junit.internal.runners.model.ReflectiveCallable.run(ReflectiveCallable.java:12)
	at org.junit.runners.model.FrameworkMethod.invokeExplosively(FrameworkMethod.java:47)
	at org.junit.internal.runners.statements.InvokeMethod.evaluate(InvokeMethod.java:17)
	at org.junit.internal.runners.statements.FailOnTimeout$CallableStatement.call(FailOnTimeout.java:298)
	at org.junit.internal.runners.statements.FailOnTimeout$CallableStatement.call(FailOnTimeout.java:292)
	at java.util.concurrent.FutureTask.run(FutureTask.java:266)
	at java.lang.Thread.run(Thread.java:748)

test2(OnlyPositivesTest)  Time elapsed: 0.001 sec  <<< FAILURE!
java.lang.AssertionError: Something strange happened. It may be that 'class OnlyPositives' class's public static void main(String[] args) method is missing 
or your program crashed due to an exception. More information java.util.NoSuchElementException: No line found
	at org.junit.Assert.fail(Assert.java:88)
	at OnlyPositivesTest.callMain(OnlyPositivesTest.java:88)
	at OnlyPositivesTest.test(OnlyPositivesTest.java:48)
	at OnlyPositivesTest.test2(OnlyPositivesTest.java:26)
	at sun.reflect.NativeMethodAccessorImpl.invoke0(Native Method)
	at sun.reflect.NativeMethodAccessorImpl.invoke(NativeMethodAccessorImpl.java:62)
	at sun.reflect.DelegatingMethodAccessorImpl.invoke(DelegatingMethodAccessorImpl.java:43)
	at java.lang.reflect.Method.invoke(Method.java:498)
	at org.junit.runners.model.FrameworkMethod$1.runReflectiveCall(FrameworkMethod.java:50)
	at org.junit.internal.runners.model.ReflectiveCallable.run(ReflectiveCallable.java:12)
	at org.junit.runners.model.FrameworkMethod.invokeExplosively(FrameworkMethod.java:47)
	at org.junit.internal.runners.statements.InvokeMethod.evaluate(InvokeMethod.java:17)
	at org.junit.internal.runners.statements.FailOnTimeout$CallableStatement.call(FailOnTimeout.java:298)
	at org.junit.internal.runners.statements.FailOnTimeout$CallableStatement.call(FailOnTimeout.java:292)
	at java.util.concurrent.FutureTask.run(FutureTask.java:266)
	at java.lang.Thread.run(Thread.java:748)

test3(OnlyPositivesTest)  Time elapsed: 0.002 sec  <<< FAILURE!
java.lang.AssertionError: Something strange happened. It may be that 'class OnlyPositives' class's public static void main(String[] args) method is missing 
or your program crashed due to an exception. More information java.util.NoSuchElementException: No line found
	at org.junit.Assert.fail(Assert.java:88)
	at OnlyPositivesTest.callMain(OnlyPositivesTest.java:88)
	at OnlyPositivesTest.test(OnlyPositivesTest.java:48)
	at OnlyPositivesTest.test3(OnlyPositivesTest.java:31)
	at sun.reflect.NativeMethodAccessorImpl.invoke0(Native Method)
	at sun.reflect.NativeMethodAccessorImpl.invoke(NativeMethodAccessorImpl.java:62)
	at sun.reflect.DelegatingMethodAccessorImpl.invoke(DelegatingMethodAccessorImpl.java:43)
	at java.lang.reflect.Method.invoke(Method.java:498)
	at org.junit.runners.model.FrameworkMethod$1.runReflectiveCall(FrameworkMethod.java:50)
	at org.junit.internal.runners.model.ReflectiveCallable.run(ReflectiveCallable.java:12)
	at org.junit.runners.model.FrameworkMethod.invokeExplosively(FrameworkMethod.java:47)
	at org.junit.internal.runners.statements.InvokeMethod.evaluate(InvokeMethod.java:17)
	at org.junit.internal.runners.statements.FailOnTimeout$CallableStatement.call(FailOnTimeout.java:298)
	at org.junit.internal.runners.statements.FailOnTimeout$CallableStatement.call(FailOnTimeout.java:292)
	at java.util.concurrent.FutureTask.run(FutureTask.java:266)
	at java.lang.Thread.run(Thread.java:748)

test4(OnlyPositivesTest)  Time elapsed: 0.002 sec  <<< FAILURE!
java.lang.AssertionError: Something strange happened. It may be that 'class OnlyPositives' class's public static void main(String[] args) method is missing 
or your program crashed due to an exception. More information java.util.NoSuchElementException: No line found
	at org.junit.Assert.fail(Assert.java:88)
	at OnlyPositivesTest.callMain(OnlyPositivesTest.java:88)
	at OnlyPositivesTest.test(OnlyPositivesTest.java:48)
	at OnlyPositivesTest.test4(OnlyPositivesTest.java:36)
	at sun.reflect.NativeMethodAccessorImpl.invoke0(Native Method)
	at sun.reflect.NativeMethodAccessorImpl.invoke(NativeMethodAccessorImpl.java:62)
	at sun.reflect.DelegatingMethodAccessorImpl.invoke(DelegatingMethodAccessorImpl.java:43)
	at java.lang.reflect.Method.invoke(Method.java:498)
	at org.junit.runners.model.FrameworkMethod$1.runReflectiveCall(FrameworkMethod.java:50)
	at org.junit.internal.runners.model.ReflectiveCallable.run(ReflectiveCallable.java:12)
	at org.junit.runners.model.FrameworkMethod.invokeExplosively(FrameworkMethod.java:47)
	at org.junit.internal.runners.statements.InvokeMethod.evaluate(InvokeMethod.java:17)
	at org.junit.internal.runners.statements.FailOnTimeout$CallableStatement.call(FailOnTimeout.java:298)
	at org.junit.internal.runners.statements.FailOnTimeout$CallableStatement.call(FailOnTimeout.java:292)
	at java.util.concurrent.FutureTask.run(FutureTask.java:266)
	at java.lang.Thread.run(Thread.java:748)

